<?xml version="1.0" encoding="UTF-8"?>
<testng-results skipped="0" failed="0" ignored="0" total="1" passed="1">
  <reporter-output>
  </reporter-output>
  <suite name="Default suite" duration-ms="27679" started-at="2020-01-22T10:02:51 IST" finished-at="2020-01-22T10:03:18 IST">
    <groups>
    </groups>
    <test name="Default test" duration-ms="27679" started-at="2020-01-22T10:02:51 IST" finished-at="2020-01-22T10:03:18 IST">
      <class name="Academy.LoginTest">
        <test-method status="PASS" signature="initialize()[pri:0, instance:Academy.LoginTest@27a8c74e]" name="initialize" is-config="true" duration-ms="4033" started-at="2020-01-22T10:02:51 IST" finished-at="2020-01-22T10:02:55 IST">
          <reporter-output>
          </reporter-output>
        </test-method> <!-- initialize -->
        <test-method status="PASS" signature="emptyUnamePassword()[pri:0, instance:Academy.LoginTest@27a8c74e]" name="emptyUnamePassword" duration-ms="23555" started-at="2020-01-22T10:02:55 IST" finished-at="2020-01-22T10:03:18 IST">
          <reporter-output>
          </reporter-output>
        </test-method> <!-- emptyUnamePassword -->
        <test-method status="PASS" signature="close()[pri:0, instance:Academy.LoginTest@27a8c74e]" name="close" is-config="true" duration-ms="44" started-at="2020-01-22T10:03:18 IST" finished-at="2020-01-22T10:03:18 IST">
          <reporter-output>
          </reporter-output>
        </test-method> <!-- close -->
      </class> <!-- Academy.LoginTest -->
    </test> <!-- Default test -->
  </suite> <!-- Default suite -->
</testng-results>
